0 info it worked if it ends with ok
1 verbose cli [ 'C:\\Program Files\\nodejs\\node.exe',
1 verbose cli   'C:\\Users\\qiqi\\AppData\\Roaming\\npm\\node_modules\\cnpm\\node_modules\\npm\\bin\\npm-cli.js',
1 verbose cli   '--userconfig=C:\\Users\\qiqi\\.cnpmrc',
1 verbose cli   '--disturl=https://npm.taobao.org/mirrors/node',
1 verbose cli   '--registry=https://registry.npm.taobao.org',
1 verbose cli   'run',
1 verbose cli   'webpack' ]
2 info using npm@3.10.10
3 info using node@v8.9.1
4 verbose run-script [ 'prewebpack', 'webpack', 'postwebpack' ]
5 info lifecycle dpas_electron@1.0.0~prewebpack: dpas_electron@1.0.0
6 silly lifecycle dpas_electron@1.0.0~prewebpack: no script for prewebpack, continuing
7 info lifecycle dpas_electron@1.0.0~webpack: dpas_electron@1.0.0
8 verbose lifecycle dpas_electron@1.0.0~webpack: unsafe-perm in lifecycle true
9 verbose lifecycle dpas_electron@1.0.0~webpack: PATH: C:\Users\qiqi\AppData\Roaming\npm\node_modules\cnpm\node_modules\npm\bin\node-gyp-bin;D:\GitHub\dpas_electron\node_modules\.bin;C:\Program Files\NVIDIA GPU Computing Toolkit\CUDA\v8.0\bin;C:\Program Files\NVIDIA GPU Computing Toolkit\CUDA\v8.0\libnvvp;;C:\WINDOWS\system32;C:\WINDOWS;C:\WINDOWS\System32\Wbem;C:\WINDOWS\System32\WindowsPowerShell\v1.0\;C:\Program Files\Git\cmd;C:\Program Files\nodejs\;C:\Program Files (x86)\Yarn\bin;C:\Users\qiqi\Anaconda3;C:\Users\qiqi\Anaconda3\Library\mingw-w64\bin;C:\Users\qiqi\Anaconda3\Library\usr\bin;C:\Users\qiqi\Anaconda3\Library\bin;C:\Users\qiqi\Anaconda3\Scripts;C:\Users\qiqi\AppData\Local\Microsoft\WindowsApps;C:\Users\qiqi\AppData\Local\atom\bin;C:\Users\qiqi\AppData\Local\Microsoft\WindowsApps;C:\Users\qiqi\AppData\Local\GitHubDesktop\bin;C:\Program Files\MongoDB\Server\3.4\bin;C:\Users\qiqi\AppData\Local\Programs\Fiddler;C:\Users\qiqi\AppData\Roaming\npm;C:\Users\qiqi\AppData\Local\Yarn\bin
10 verbose lifecycle dpas_electron@1.0.0~webpack: CWD: D:\GitHub\dpas_electron
11 silly lifecycle dpas_electron@1.0.0~webpack: Args: [ '/d /s /c', 'webpack --progress --watch' ]
12 silly lifecycle dpas_electron@1.0.0~webpack: Returned: code: 1  signal: null
13 info lifecycle dpas_electron@1.0.0~webpack: Failed to exec webpack script
14 verbose stack Error: dpas_electron@1.0.0 webpack: `webpack --progress --watch`
14 verbose stack Exit status 1
14 verbose stack     at EventEmitter.<anonymous> (C:\Users\qiqi\AppData\Roaming\npm\node_modules\cnpm\node_modules\npm\lib\utils\lifecycle.js:255:16)
14 verbose stack     at emitTwo (events.js:126:13)
14 verbose stack     at EventEmitter.emit (events.js:214:7)
14 verbose stack     at ChildProcess.<anonymous> (C:\Users\qiqi\AppData\Roaming\npm\node_modules\cnpm\node_modules\npm\lib\utils\spawn.js:40:14)
14 verbose stack     at emitTwo (events.js:126:13)
14 verbose stack     at ChildProcess.emit (events.js:214:7)
14 verbose stack     at maybeClose (internal/child_process.js:925:16)
14 verbose stack     at Process.ChildProcess._handle.onexit (internal/child_process.js:209:5)
15 verbose pkgid dpas_electron@1.0.0
16 verbose cwd D:\GitHub\dpas_electron
17 error Windows_NT 10.0.15063
18 error argv "C:\\Program Files\\nodejs\\node.exe" "C:\\Users\\qiqi\\AppData\\Roaming\\npm\\node_modules\\cnpm\\node_modules\\npm\\bin\\npm-cli.js" "--userconfig=C:\\Users\\qiqi\\.cnpmrc" "--disturl=https://npm.taobao.org/mirrors/node" "--registry=https://registry.npm.taobao.org" "run" "webpack"
19 error node v8.9.1
20 error npm  v3.10.10
21 error code ELIFECYCLE
22 error dpas_electron@1.0.0 webpack: `webpack --progress --watch`
22 error Exit status 1
23 error Failed at the dpas_electron@1.0.0 webpack script 'webpack --progress --watch'.
23 error Make sure you have the latest version of node.js and npm installed.
23 error If you do, this is most likely a problem with the dpas_electron package,
23 error not with npm itself.
23 error Tell the author that this fails on your system:
23 error     webpack --progress --watch
23 error You can get information on how to open an issue for this project with:
23 error     npm bugs dpas_electron
23 error Or if that isn't available, you can get their info via:
23 error     npm owner ls dpas_electron
23 error There is likely additional logging output above.
24 verbose exit [ 1, true ]
